2025-07-14 11:34:28,187 - ERROR - p2pnetworkingv3 - UPnP failed: Success
2025-07-14 11:34:28,188 - ERROR - p2pnetworkingv3 - STUN failed: 'dict_items' object is not subscriptable
2025-07-14 11:34:28,188 - INFO - p2pnetworkingv3 - Attempting TURN server fallback
2025-07-14 11:34:28,188 - ERROR - p2pnetworkingv3 - TURN setup failed: module 'aiortc.rtcicetransport' has no attribute 'IceTransport'
2025-07-14 11:34:28,268 - INFO - p2pnetworkingv3 - Generated self-signed SSL certificate
2025-07-14 11:34:32,271 - ERROR - p2pnetworkingv3 - UPnP failed: Success
2025-07-14 11:34:32,271 - ERROR - p2pnetworkingv3 - STUN failed: 'dict_items' object is not subscriptable
2025-07-14 11:34:32,272 - INFO - p2pnetworkingv3 - Attempting TURN server fallback
2025-07-14 11:34:32,272 - ERROR - p2pnetworkingv3 - TURN setup failed: module 'aiortc.rtcicetransport' has no attribute 'IceTransport'
2025-07-14 11:38:03,906 - ERROR - p2pnetworkingv3 - UPnP failed: Success
2025-07-14 11:38:03,907 - ERROR - p2pnetworkingv3 - STUN failed: 'dict_items' object is not subscriptable
2025-07-14 11:38:03,907 - INFO - p2pnetworkingv3 - Attempting TURN server fallback
2025-07-14 11:38:03,907 - ERROR - p2pnetworkingv3 - TURN setup failed: module 'aiortc.rtcicetransport' has no attribute 'IceTransport'
2025-07-14 11:38:03,957 - INFO - p2pnetworkingv3 - Generated self-signed SSL certificate
2025-07-14 11:38:07,962 - ERROR - p2pnetworkingv3 - UPnP failed: Success
2025-07-14 11:38:07,962 - ERROR - p2pnetworkingv3 - STUN failed: 'dict_items' object is not subscriptable
2025-07-14 11:38:07,962 - INFO - p2pnetworkingv3 - Attempting TURN server fallback
2025-07-14 11:38:07,962 - ERROR - p2pnetworkingv3 - TURN setup failed: module 'aiortc.rtcicetransport' has no attribute 'IceTransport'
2025-07-14 11:42:13,253 - ERROR - p2pnetworkingv3 - UPnP failed: Success
2025-07-14 11:42:13,254 - ERROR - p2pnetworkingv3 - STUN failed: 'dict_items' object is not subscriptable
2025-07-14 11:42:13,254 - INFO - p2pnetworkingv3 - Attempting TURN server fallback
2025-07-14 11:42:13,254 - ERROR - p2pnetworkingv3 - TURN setup failed: module 'aiortc.rtcicetransport' has no attribute 'IceTransport'
2025-07-14 11:42:13,334 - INFO - p2pnetworkingv3 - Generated self-signed SSL certificate
2025-07-14 11:42:17,341 - ERROR - p2pnetworkingv3 - UPnP failed: Success
2025-07-14 11:42:17,341 - ERROR - p2pnetworkingv3 - STUN failed: 'dict_items' object is not subscriptable
2025-07-14 11:42:17,341 - INFO - p2pnetworkingv3 - Attempting TURN server fallback
2025-07-14 11:42:17,342 - ERROR - p2pnetworkingv3 - TURN setup failed: module 'aiortc.rtcicetransport' has no attribute 'IceTransport'
2025-07-14 11:42:17,342 - INFO - p2pnetworkingv3 - Loaded 0 peers from database
2025-07-14 11:42:17,343 - INFO - p2pnetworkingv3 - P2P server listening on port 5000 (SSL: True, mTLS: False)...
2025-07-14 11:42:17,345 - INFO - p2pnetworkingv3 - Metrics server running on port 6000
2025-07-14 11:42:17,355 - INFO - p2pnetworkingv3 - Added peer: seed1.coinium.com:5000
2025-07-14 11:42:17,355 - INFO - p2pnetworkingv3 - Rotated mempool encryption key to ID 1
2025-07-14 11:42:17,753 - ERROR - p2pnetworkingv3 - Failed to send message to ('seed1.coinium.com', 5000): [Errno -2] Name or service not known
2025-07-14 11:42:17,754 - INFO - p2pnetworkingv3 - Added peer: seed2.coinium.com:5000
2025-07-14 11:42:17,960 - ERROR - p2pnetworkingv3 - Failed to send message to ('seed2.coinium.com', 5000): [Errno -2] Name or service not known
2025-07-14 11:42:17,963 - INFO - p2pnetworkingv3 - Set gossip fanout to 3
2025-07-14 11:42:17,963 - WARNING - p2pnetworkingv3 - No peers file found, starting with an empty peer list.
2025-07-14 11:42:18,075 - ERROR - p2pnetworkingv3 - Failed to send message to ('seed1.coinium.com', 5000): [Errno -2] Name or service not known
2025-07-14 11:42:18,249 - ERROR - p2pnetworkingv3 - Failed to send message to ('seed2.coinium.com', 5000): [Errno -2] Name or service not known
2025-07-14 11:42:19,356 - ERROR - p2pnetworkingv3 - Server error: timed out
2025-07-14 11:42:21,359 - ERROR - p2pnetworkingv3 - Server error: timed out
2025-07-14 11:42:23,361 - ERROR - p2pnetworkingv3 - Server error: timed out
2025-07-14 11:42:25,363 - ERROR - p2pnetworkingv3 - Server error: timed out
2025-07-14 11:42:27,365 - ERROR - p2pnetworkingv3 - Server error: timed out
2025-07-14 11:42:29,368 - ERROR - p2pnetworkingv3 - Server error: timed out
2025-07-14 11:42:31,369 - ERROR - p2pnetworkingv3 - Server error: timed out
2025-07-14 11:42:33,371 - ERROR - p2pnetworkingv3 - Server error: timed out
2025-07-14 11:42:35,373 - ERROR - p2pnetworkingv3 - Server error: timed out
2025-07-14 11:42:37,375 - ERROR - p2pnetworkingv3 - Server error: timed out
2025-07-14 11:42:39,377 - ERROR - p2pnetworkingv3 - Server error: timed out
2025-07-14 11:42:41,379 - ERROR - p2pnetworkingv3 - Server error: timed out
2025-07-14 11:42:43,381 - ERROR - p2pnetworkingv3 - Server error: timed out
2025-07-14 11:42:45,383 - ERROR - p2pnetworkingv3 - Server error: timed out
2025-07-14 11:42:47,385 - ERROR - p2pnetworkingv3 - Server error: timed out
2025-07-14 11:42:49,388 - ERROR - p2pnetworkingv3 - Server error: timed out
2025-07-14 11:42:51,390 - ERROR - p2pnetworkingv3 - Server error: timed out
2025-07-14 11:42:53,393 - ERROR - p2pnetworkingv3 - Server error: timed out
2025-07-14 11:42:55,395 - ERROR - p2pnetworkingv3 - Server error: timed out
2025-07-14 11:42:57,397 - ERROR - p2pnetworkingv3 - Server error: timed out
2025-07-14 11:42:59,399 - ERROR - p2pnetworkingv3 - Server error: timed out
2025-07-14 11:43:01,401 - ERROR - p2pnetworkingv3 - Server error: timed out
2025-07-14 11:43:03,403 - ERROR - p2pnetworkingv3 - Server error: timed out
2025-07-14 11:43:05,405 - ERROR - p2pnetworkingv3 - Server error: timed out
2025-07-14 11:43:07,407 - ERROR - p2pnetworkingv3 - Server error: timed out
2025-07-14 11:43:09,408 - ERROR - p2pnetworkingv3 - Server error: timed out
2025-07-14 11:43:11,410 - ERROR - p2pnetworkingv3 - Server error: timed out
2025-07-14 11:43:13,412 - ERROR - p2pnetworkingv3 - Server error: timed out
2025-07-14 11:43:15,413 - ERROR - p2pnetworkingv3 - Server error: timed out
2025-07-14 11:43:17,348 - INFO - p2pnetworkingv3 - Starting health check...
2025-07-14 11:43:17,414 - INFO - p2pnetworkingv3 - Health check complete. Responsive peers: 0/2
2025-07-14 11:43:17,415 - ERROR - p2pnetworkingv3 - Server error: timed out
2025-07-14 11:43:17,418 - INFO - p2pnetworkingv3 - Persisted peer data to database
2025-07-14 11:43:17,961 - INFO - p2pnetworkingv3 - Starting health check...
2025-07-14 11:43:18,150 - INFO - p2pnetworkingv3 - Health check complete. Responsive peers: 0/2
2025-07-14 11:43:18,156 - INFO - p2pnetworkingv3 - Persisted peer data to database
2025-07-14 11:43:19,416 - ERROR - p2pnetworkingv3 - Server error: timed out
2025-07-14 11:43:21,418 - ERROR - p2pnetworkingv3 - Server error: timed out
2025-07-14 11:43:23,420 - ERROR - p2pnetworkingv3 - Server error: timed out
2025-07-14 11:43:25,423 - ERROR - p2pnetworkingv3 - Server error: timed out
2025-07-14 11:43:27,425 - ERROR - p2pnetworkingv3 - Server error: timed out
2025-07-14 11:43:29,427 - ERROR - p2pnetworkingv3 - Server error: timed out
2025-07-14 11:43:31,429 - ERROR - p2pnetworkingv3 - Server error: timed out
2025-07-14 11:43:33,431 - ERROR - p2pnetworkingv3 - Server error: timed out
2025-07-14 11:43:35,434 - ERROR - p2pnetworkingv3 - Server error: timed out
2025-07-14 11:43:37,437 - ERROR - p2pnetworkingv3 - Server error: timed out
2025-07-14 11:43:39,438 - ERROR - p2pnetworkingv3 - Server error: timed out
2025-07-14 11:43:41,440 - ERROR - p2pnetworkingv3 - Server error: timed out
2025-07-14 11:43:43,442 - ERROR - p2pnetworkingv3 - Server error: timed out
2025-07-14 11:43:45,446 - ERROR - p2pnetworkingv3 - Server error: timed out
2025-07-14 11:43:47,448 - ERROR - p2pnetworkingv3 - Server error: timed out
2025-07-14 11:43:49,450 - ERROR - p2pnetworkingv3 - Server error: timed out
2025-07-14 11:43:51,452 - ERROR - p2pnetworkingv3 - Server error: timed out
2025-07-14 11:43:53,464 - ERROR - p2pnetworkingv3 - Server error: timed out
2025-07-14 11:43:55,466 - ERROR - p2pnetworkingv3 - Server error: timed out
2025-07-14 11:43:57,468 - ERROR - p2pnetworkingv3 - Server error: timed out
2025-07-14 11:43:59,470 - ERROR - p2pnetworkingv3 - Server error: timed out
2025-07-14 11:44:01,472 - ERROR - p2pnetworkingv3 - Server error: timed out
2025-07-14 11:44:03,474 - ERROR - p2pnetworkingv3 - Server error: timed out
2025-07-14 11:44:05,477 - ERROR - p2pnetworkingv3 - Server error: timed out
2025-07-14 11:44:07,479 - ERROR - p2pnetworkingv3 - Server error: timed out
2025-07-14 11:44:09,481 - ERROR - p2pnetworkingv3 - Server error: timed out
2025-07-14 11:44:11,484 - ERROR - p2pnetworkingv3 - Server error: timed out
2025-07-14 11:44:13,486 - ERROR - p2pnetworkingv3 - Server error: timed out
2025-07-14 11:44:15,488 - ERROR - p2pnetworkingv3 - Server error: timed out
2025-07-14 11:44:17,418 - INFO - p2pnetworkingv3 - Starting health check...
2025-07-14 11:44:17,490 - ERROR - p2pnetworkingv3 - Server error: timed out
2025-07-14 11:44:17,611 - INFO - p2pnetworkingv3 - Health check complete. Responsive peers: 0/2
2025-07-14 11:44:17,614 - INFO - p2pnetworkingv3 - Persisted peer data to database
2025-07-14 11:44:18,156 - INFO - p2pnetworkingv3 - Starting health check...
2025-07-14 11:44:18,176 - INFO - p2pnetworkingv3 - Health check complete. Responsive peers: 0/2
2025-07-14 11:44:18,179 - INFO - p2pnetworkingv3 - Persisted peer data to database
2025-07-14 11:44:19,492 - ERROR - p2pnetworkingv3 - Server error: timed out
2025-07-14 11:44:21,494 - ERROR - p2pnetworkingv3 - Server error: timed out
2025-07-14 11:44:23,496 - ERROR - p2pnetworkingv3 - Server error: timed out
2025-07-14 11:44:25,498 - ERROR - p2pnetworkingv3 - Server error: timed out
2025-07-14 11:44:27,500 - ERROR - p2pnetworkingv3 - Server error: timed out
2025-07-14 11:44:29,502 - ERROR - p2pnetworkingv3 - Server error: timed out
2025-07-14 11:44:31,504 - ERROR - p2pnetworkingv3 - Server error: timed out
2025-07-14 11:44:33,506 - ERROR - p2pnetworkingv3 - Server error: timed out
2025-07-14 11:44:35,508 - ERROR - p2pnetworkingv3 - Server error: timed out
2025-07-14 11:44:37,511 - ERROR - p2pnetworkingv3 - Server error: timed out
2025-07-14 11:44:39,512 - ERROR - p2pnetworkingv3 - Server error: timed out
2025-07-14 11:44:41,515 - ERROR - p2pnetworkingv3 - Server error: timed out
2025-07-14 11:44:43,516 - ERROR - p2pnetworkingv3 - Server error: timed out
2025-07-14 11:44:45,518 - ERROR - p2pnetworkingv3 - Server error: timed out
2025-07-14 11:44:47,520 - ERROR - p2pnetworkingv3 - Server error: timed out
2025-07-14 11:44:49,523 - ERROR - p2pnetworkingv3 - Server error: timed out
2025-07-14 11:44:51,525 - ERROR - p2pnetworkingv3 - Server error: timed out
2025-07-14 11:44:53,527 - ERROR - p2pnetworkingv3 - Server error: timed out
2025-07-14 11:44:55,528 - ERROR - p2pnetworkingv3 - Server error: timed out
2025-07-14 11:44:57,530 - ERROR - p2pnetworkingv3 - Server error: timed out
2025-07-14 11:44:59,532 - ERROR - p2pnetworkingv3 - Server error: timed out
2025-07-14 11:45:01,534 - ERROR - p2pnetworkingv3 - Server error: timed out
2025-07-14 11:45:03,537 - ERROR - p2pnetworkingv3 - Server error: timed out
2025-07-14 11:45:05,539 - ERROR - p2pnetworkingv3 - Server error: timed out
2025-07-14 11:45:07,540 - ERROR - p2pnetworkingv3 - Server error: timed out
2025-07-14 11:45:09,542 - ERROR - p2pnetworkingv3 - Server error: timed out
2025-07-14 11:45:11,545 - ERROR - p2pnetworkingv3 - Server error: timed out
2025-07-14 11:45:13,547 - ERROR - p2pnetworkingv3 - Server error: timed out
2025-07-14 11:45:15,550 - ERROR - p2pnetworkingv3 - Server error: timed out
2025-07-14 11:45:17,552 - ERROR - p2pnetworkingv3 - Server error: timed out
2025-07-14 11:45:17,614 - INFO - p2pnetworkingv3 - Starting health check...
2025-07-14 11:45:17,689 - INFO - p2pnetworkingv3 - Health check complete. Responsive peers: 0/2
2025-07-14 11:45:17,692 - INFO - p2pnetworkingv3 - Persisted peer data to database
2025-07-14 11:45:18,179 - INFO - p2pnetworkingv3 - Starting health check...
2025-07-14 11:45:18,193 - INFO - p2pnetworkingv3 - Health check complete. Responsive peers: 0/2
2025-07-14 11:45:18,196 - INFO - p2pnetworkingv3 - Persisted peer data to database
2025-07-14 11:45:19,555 - ERROR - p2pnetworkingv3 - Server error: timed out
2025-07-14 11:45:21,557 - ERROR - p2pnetworkingv3 - Server error: timed out
2025-07-14 11:45:23,559 - ERROR - p2pnetworkingv3 - Server error: timed out
2025-07-14 11:45:25,561 - ERROR - p2pnetworkingv3 - Server error: timed out
2025-07-14 11:45:27,564 - ERROR - p2pnetworkingv3 - Server error: timed out
2025-07-14 11:45:29,566 - ERROR - p2pnetworkingv3 - Server error: timed out
2025-07-14 11:45:31,568 - ERROR - p2pnetworkingv3 - Server error: timed out
2025-07-14 11:45:33,571 - ERROR - p2pnetworkingv3 - Server error: timed out
2025-07-14 11:45:35,572 - ERROR - p2pnetworkingv3 - Server error: timed out
2025-07-14 11:45:37,575 - ERROR - p2pnetworkingv3 - Server error: timed out
2025-07-14 11:45:39,577 - ERROR - p2pnetworkingv3 - Server error: timed out
2025-07-14 11:45:41,579 - ERROR - p2pnetworkingv3 - Server error: timed out
2025-07-14 11:45:43,580 - ERROR - p2pnetworkingv3 - Server error: timed out
2025-07-14 11:45:45,583 - ERROR - p2pnetworkingv3 - Server error: timed out
2025-07-14 11:45:47,585 - ERROR - p2pnetworkingv3 - Server error: timed out
2025-07-14 11:45:49,586 - ERROR - p2pnetworkingv3 - Server error: timed out
2025-07-14 11:45:51,588 - ERROR - p2pnetworkingv3 - Server error: timed out
2025-07-14 11:45:53,590 - ERROR - p2pnetworkingv3 - Server error: timed out
2025-07-14 11:45:55,593 - ERROR - p2pnetworkingv3 - Server error: timed out
2025-07-14 11:45:57,595 - ERROR - p2pnetworkingv3 - Server error: timed out
2025-07-14 11:45:59,597 - ERROR - p2pnetworkingv3 - Server error: timed out
2025-07-14 11:46:01,599 - ERROR - p2pnetworkingv3 - Server error: timed out
2025-07-14 11:46:03,602 - ERROR - p2pnetworkingv3 - Server error: timed out
2025-07-14 11:46:05,604 - ERROR - p2pnetworkingv3 - Server error: timed out
2025-07-14 11:46:07,606 - ERROR - p2pnetworkingv3 - Server error: timed out
2025-07-14 11:46:09,608 - ERROR - p2pnetworkingv3 - Server error: timed out
2025-07-14 11:46:11,610 - ERROR - p2pnetworkingv3 - Server error: timed out
2025-07-14 11:46:13,612 - ERROR - p2pnetworkingv3 - Server error: timed out
2025-07-14 11:46:15,615 - ERROR - p2pnetworkingv3 - Server error: timed out
2025-07-14 11:46:17,617 - ERROR - p2pnetworkingv3 - Server error: timed out
2025-07-14 11:46:17,692 - INFO - p2pnetworkingv3 - Starting health check...
2025-07-14 11:46:17,722 - INFO - p2pnetworkingv3 - Health check complete. Responsive peers: 0/2
2025-07-14 11:46:17,725 - INFO - p2pnetworkingv3 - Persisted peer data to database
2025-07-14 11:46:18,196 - INFO - p2pnetworkingv3 - Starting health check...
2025-07-14 11:46:18,213 - INFO - p2pnetworkingv3 - Health check complete. Responsive peers: 0/2
2025-07-14 11:46:18,220 - INFO - p2pnetworkingv3 - Persisted peer data to database
2025-07-14 11:46:19,619 - ERROR - p2pnetworkingv3 - Server error: timed out
2025-07-14 11:46:21,621 - ERROR - p2pnetworkingv3 - Server error: timed out
2025-07-14 11:46:23,624 - ERROR - p2pnetworkingv3 - Server error: timed out
2025-07-14 11:46:25,626 - ERROR - p2pnetworkingv3 - Server error: timed out
2025-07-14 11:46:27,628 - ERROR - p2pnetworkingv3 - Server error: timed out
2025-07-14 11:46:29,630 - ERROR - p2pnetworkingv3 - Server error: timed out
2025-07-14 11:46:31,633 - ERROR - p2pnetworkingv3 - Server error: timed out
2025-07-14 11:46:33,635 - ERROR - p2pnetworkingv3 - Server error: timed out
2025-07-14 11:46:35,637 - ERROR - p2pnetworkingv3 - Server error: timed out
2025-07-14 11:46:37,640 - ERROR - p2pnetworkingv3 - Server error: timed out
2025-07-14 11:46:39,644 - ERROR - p2pnetworkingv3 - Server error: timed out
2025-07-14 11:46:41,646 - ERROR - p2pnetworkingv3 - Server error: timed out
2025-07-14 11:46:43,648 - ERROR - p2pnetworkingv3 - Server error: timed out
2025-07-14 11:46:45,650 - ERROR - p2pnetworkingv3 - Server error: timed out
2025-07-14 11:46:47,652 - ERROR - p2pnetworkingv3 - Server error: timed out
2025-07-14 11:46:49,655 - ERROR - p2pnetworkingv3 - Server error: timed out
2025-07-14 11:46:51,657 - ERROR - p2pnetworkingv3 - Server error: timed out
2025-07-14 11:46:53,659 - ERROR - p2pnetworkingv3 - Server error: timed out
2025-07-14 11:46:55,661 - ERROR - p2pnetworkingv3 - Server error: timed out
2025-07-14 11:46:57,663 - ERROR - p2pnetworkingv3 - Server error: timed out
2025-07-14 11:46:59,666 - ERROR - p2pnetworkingv3 - Server error: timed out
2025-07-14 11:47:01,668 - ERROR - p2pnetworkingv3 - Server error: timed out
2025-07-14 11:47:03,669 - ERROR - p2pnetworkingv3 - Server error: timed out
2025-07-14 11:47:05,672 - ERROR - p2pnetworkingv3 - Server error: timed out
2025-07-14 11:47:07,678 - ERROR - p2pnetworkingv3 - Server error: timed out
2025-07-14 11:47:09,684 - ERROR - p2pnetworkingv3 - Server error: timed out
2025-07-14 11:47:11,686 - ERROR - p2pnetworkingv3 - Server error: timed out
2025-07-14 11:47:13,689 - ERROR - p2pnetworkingv3 - Server error: timed out
2025-07-14 11:47:15,691 - ERROR - p2pnetworkingv3 - Server error: timed out
2025-07-14 11:47:17,354 - INFO - p2pnetworkingv3 - Refreshed validator list
2025-07-14 11:47:17,355 - INFO - p2pnetworkingv3 - Running anti-entropy round
2025-07-14 11:47:17,393 - ERROR - p2pnetworkingv3 - Failed to send message to ('seed1.coinium.com', 5000): [Errno -2] Name or service not known
2025-07-14 11:47:17,693 - ERROR - p2pnetworkingv3 - Server error: timed out
2025-07-14 11:47:17,726 - INFO - p2pnetworkingv3 - Starting health check...
2025-07-14 11:47:17,829 - INFO - p2pnetworkingv3 - Health check complete. Responsive peers: 0/2
2025-07-14 11:47:17,832 - INFO - p2pnetworkingv3 - Persisted peer data to database
2025-07-14 11:47:17,962 - INFO - p2pnetworkingv3 - Running anti-entropy round
2025-07-14 11:47:18,019 - ERROR - p2pnetworkingv3 - Failed to send message to ('seed2.coinium.com', 5000): [Errno -2] Name or service not known
2025-07-14 11:47:18,220 - INFO - p2pnetworkingv3 - Starting health check...
2025-07-14 11:47:18,394 - INFO - p2pnetworkingv3 - Health check complete. Responsive peers: 0/2
2025-07-14 11:47:18,402 - INFO - p2pnetworkingv3 - Persisted peer data to database
2025-07-14 11:47:19,696 - ERROR - p2pnetworkingv3 - Server error: timed out
2025-07-14 11:47:21,698 - ERROR - p2pnetworkingv3 - Server error: timed out
2025-07-14 11:47:23,699 - ERROR - p2pnetworkingv3 - Server error: timed out
2025-07-14 11:47:25,702 - ERROR - p2pnetworkingv3 - Server error: timed out
2025-07-14 11:47:27,704 - ERROR - p2pnetworkingv3 - Server error: timed out
2025-07-14 11:47:29,706 - ERROR - p2pnetworkingv3 - Server error: timed out
2025-07-14 11:47:31,708 - ERROR - p2pnetworkingv3 - Server error: timed out
2025-07-14 11:47:33,711 - ERROR - p2pnetworkingv3 - Server error: timed out
2025-07-14 11:47:35,713 - ERROR - p2pnetworkingv3 - Server error: timed out
2025-07-14 11:47:37,715 - ERROR - p2pnetworkingv3 - Server error: timed out
2025-07-14 11:47:39,717 - ERROR - p2pnetworkingv3 - Server error: timed out
2025-07-14 11:47:41,719 - ERROR - p2pnetworkingv3 - Server error: timed out
2025-07-14 11:47:43,721 - ERROR - p2pnetworkingv3 - Server error: timed out
2025-07-14 11:47:45,723 - ERROR - p2pnetworkingv3 - Server error: timed out
2025-07-14 11:47:47,726 - ERROR - p2pnetworkingv3 - Server error: timed out
2025-07-14 11:47:49,727 - ERROR - p2pnetworkingv3 - Server error: timed out
2025-07-14 11:47:51,729 - ERROR - p2pnetworkingv3 - Server error: timed out
2025-07-14 11:47:53,731 - ERROR - p2pnetworkingv3 - Server error: timed out
2025-07-14 11:47:55,733 - ERROR - p2pnetworkingv3 - Server error: timed out
2025-07-14 11:47:57,735 - ERROR - p2pnetworkingv3 - Server error: timed out
2025-07-14 11:47:59,738 - ERROR - p2pnetworkingv3 - Server error: timed out
2025-07-14 11:48:01,741 - ERROR - p2pnetworkingv3 - Server error: timed out
2025-07-14 11:48:03,743 - ERROR - p2pnetworkingv3 - Server error: timed out
2025-07-14 11:48:05,746 - ERROR - p2pnetworkingv3 - Server error: timed out
2025-07-14 11:48:07,748 - ERROR - p2pnetworkingv3 - Server error: timed out
2025-07-14 11:48:09,750 - ERROR - p2pnetworkingv3 - Server error: timed out
2025-07-14 11:48:11,752 - ERROR - p2pnetworkingv3 - Server error: timed out
2025-07-14 11:48:13,754 - ERROR - p2pnetworkingv3 - Server error: timed out
2025-07-14 11:48:15,757 - ERROR - p2pnetworkingv3 - Server error: timed out
2025-07-14 11:48:17,758 - ERROR - p2pnetworkingv3 - Server error: timed out
2025-07-14 11:48:17,833 - INFO - p2pnetworkingv3 - Starting health check...
2025-07-14 11:48:18,015 - INFO - p2pnetworkingv3 - Health check complete. Responsive peers: 0/2
2025-07-14 11:48:18,018 - INFO - p2pnetworkingv3 - Persisted peer data to database
2025-07-14 11:48:18,402 - INFO - p2pnetworkingv3 - Starting health check...
2025-07-14 11:48:18,539 - INFO - p2pnetworkingv3 - Health check complete. Responsive peers: 0/2
2025-07-14 11:48:18,542 - INFO - p2pnetworkingv3 - Persisted peer data to database
2025-07-14 11:48:19,761 - ERROR - p2pnetworkingv3 - Server error: timed out
2025-07-14 11:48:21,763 - ERROR - p2pnetworkingv3 - Server error: timed out
2025-07-14 11:48:23,765 - ERROR - p2pnetworkingv3 - Server error: timed out
2025-07-14 11:48:25,768 - ERROR - p2pnetworkingv3 - Server error: timed out
2025-07-14 11:48:27,770 - ERROR - p2pnetworkingv3 - Server error: timed out
2025-07-14 11:48:29,773 - ERROR - p2pnetworkingv3 - Server error: timed out
2025-07-14 11:48:31,775 - ERROR - p2pnetworkingv3 - Server error: timed out
2025-07-14 11:48:33,777 - ERROR - p2pnetworkingv3 - Server error: timed out
2025-07-14 11:48:35,779 - ERROR - p2pnetworkingv3 - Server error: timed out
2025-07-14 11:48:37,782 - ERROR - p2pnetworkingv3 - Server error: timed out
2025-07-14 11:48:39,784 - ERROR - p2pnetworkingv3 - Server error: timed out
2025-07-14 11:48:41,786 - ERROR - p2pnetworkingv3 - Server error: timed out
2025-07-14 11:48:43,788 - ERROR - p2pnetworkingv3 - Server error: timed out
2025-07-14 11:48:45,791 - ERROR - p2pnetworkingv3 - Server error: timed out
2025-07-14 11:48:47,793 - ERROR - p2pnetworkingv3 - Server error: timed out
2025-07-14 11:48:49,795 - ERROR - p2pnetworkingv3 - Server error: timed out
2025-07-14 11:48:51,796 - ERROR - p2pnetworkingv3 - Server error: timed out
2025-07-14 11:48:53,798 - ERROR - p2pnetworkingv3 - Server error: timed out
2025-07-14 11:48:55,801 - ERROR - p2pnetworkingv3 - Server error: timed out
2025-07-14 11:48:57,803 - ERROR - p2pnetworkingv3 - Server error: timed out
2025-07-14 11:48:59,805 - ERROR - p2pnetworkingv3 - Server error: timed out
2025-07-14 11:49:01,807 - ERROR - p2pnetworkingv3 - Server error: timed out
2025-07-14 11:49:03,809 - ERROR - p2pnetworkingv3 - Server error: timed out
2025-07-14 11:49:05,811 - ERROR - p2pnetworkingv3 - Server error: timed out
2025-07-14 11:49:07,812 - ERROR - p2pnetworkingv3 - Server error: timed out
2025-07-14 11:49:09,813 - ERROR - p2pnetworkingv3 - Server error: timed out
2025-07-14 11:49:11,814 - ERROR - p2pnetworkingv3 - Server error: timed out
2025-07-14 11:49:13,816 - ERROR - p2pnetworkingv3 - Server error: timed out
2025-07-14 11:49:15,819 - ERROR - p2pnetworkingv3 - Server error: timed out
2025-07-14 11:49:17,821 - ERROR - p2pnetworkingv3 - Server error: timed out
2025-07-14 11:49:18,018 - INFO - p2pnetworkingv3 - Starting health check...
2025-07-14 11:49:18,087 - INFO - p2pnetworkingv3 - Health check complete. Responsive peers: 0/2
2025-07-14 11:49:18,090 - INFO - p2pnetworkingv3 - Persisted peer data to database
2025-07-14 11:49:18,543 - INFO - p2pnetworkingv3 - Starting health check...
2025-07-14 11:49:18,612 - INFO - p2pnetworkingv3 - Health check complete. Responsive peers: 0/2
2025-07-14 11:49:18,615 - INFO - p2pnetworkingv3 - Persisted peer data to database
2025-07-14 11:49:19,823 - ERROR - p2pnetworkingv3 - Server error: timed out
2025-07-14 11:49:21,825 - ERROR - p2pnetworkingv3 - Server error: timed out
